<?xml version="1.0" encoding="UTF-8"?>
<!-- Generated by org.testng.reporters.JUnitReportReporter -->
<testsuite hostname="ankita" failures="0" tests="1" name="TestcaseSwagLb.LoginTestcases" time="2.870" errors="0" timestamp="2025-01-11T15:55:00 IST" skipped="0">
  <testcase classname="TestcaseSwagLb.LoginTestcases" name="login" time="2.870"/>
  <system-out/>
</testsuite> <!-- TestcaseSwagLb.LoginTestcases -->
