<?xml version="1.0" encoding="UTF-8"?>
<!-- Generated by org.testng.reporters.JUnitReportReporter -->
<testsuite hostname="ankita" failures="0" tests="1" name="TestcaseSwagLb.HomepageTestcase" time="9.283" errors="0" timestamp="2025-01-20T21:17:38 IST" skipped="0">
  <testcase classname="TestcaseSwagLb.HomepageTestcase" name="toCheckBagImage" time="9.283"/>
  <system-out/>
</testsuite> <!-- TestcaseSwagLb.HomepageTestcase -->
